<?xml version="1.0" encoding="UTF-8"?>
<!-- Generated by org.testng.reporters.JUnitReportReporter -->
<testsuite skipped="0" hostname="GIRESH" name="basicFrame.Basics" tests="1" failures="0" timestamp="22 Feb 2020 22:03:55 GMT" time="13.548" errors="0">
  <testcase name="createPlaceAPI" time="13.548" classname="basicFrame.Basics"/>
</testsuite> <!-- basicFrame.Basics -->
