<?xml version="1.0" encoding="UTF-8"?>
<!-- Generated by org.testng.reporters.JUnitReportReporter -->
<testsuite skipped="0" hostname="GIRESH" name="basicFrame.PokeAPI" tests="1" failures="0" timestamp="01 Mar 2020 03:52:09 GMT" time="6.803" errors="0">
  <testcase name="JiraAPIUpdate" time="6.803" classname="basicFrame.PokeAPI"/>
</testsuite> <!-- basicFrame.PokeAPI -->
